###### running fzl5_thetagamma exps ######
Building DAG of jobs...
Using shell: /usr/bin/bash
Provided cores: 57
Rules claiming more threads will be scaled down.
Job stats:
job               count
--------------  -------
all                   1
run_simulation        4
total                 5

Select jobs to execute...

[Thu Nov 30 21:28:50 2023]
rule run_simulation:
    input: /N/project/simsom/simsom_v3/v3.3_10222023/data/vary_network/network_20.gml, /N/project/simsom/simsom_v3/v3.3_10222023/config_cascade_true/vary_thetagamma/02.json
    output: /N/project/simsom/simsom_v3/zl5_11252023/results/vary_thetagamma_cascade_/02.json, /N/project/simsom/simsom_v3/zl5_11252023/results_verbose/vary_thetagamma_cascade_/02.json.gz, /N/project/simsom/simsom_v3/zl5_11252023/results_cascade/vary_thetagamma_cascade_/02__reshare.csv
    jobid: 5
    reason: Missing output files: /N/project/simsom/simsom_v3/zl5_11252023/results/vary_thetagamma_cascade_/02.json
    wildcards: exp_no=02
    threads: 7
    resources: tmpdir=/tmp


[Thu Nov 30 21:28:50 2023]
rule run_simulation:
    input: /N/project/simsom/simsom_v3/v3.3_10222023/data/vary_network/network_30.gml, /N/project/simsom/simsom_v3/v3.3_10222023/config_cascade_true/vary_thetagamma/03.json
    output: /N/project/simsom/simsom_v3/zl5_11252023/results/vary_thetagamma_cascade_/03.json, /N/project/simsom/simsom_v3/zl5_11252023/results_verbose/vary_thetagamma_cascade_/03.json.gz, /N/project/simsom/simsom_v3/zl5_11252023/results_cascade/vary_thetagamma_cascade_/03__reshare.csv
    jobid: 7
    reason: Missing output files: /N/project/simsom/simsom_v3/zl5_11252023/results/vary_thetagamma_cascade_/03.json
    wildcards: exp_no=03
    threads: 7
    resources: tmpdir=/tmp


[Thu Nov 30 21:28:50 2023]
rule run_simulation:
    input: /N/project/simsom/simsom_v3/v3.3_10222023/data/vary_network/network_00.gml, /N/project/simsom/simsom_v3/v3.3_10222023/config_cascade_true/vary_thetagamma/00.json
    output: /N/project/simsom/simsom_v3/zl5_11252023/results/vary_thetagamma_cascade_/00.json, /N/project/simsom/simsom_v3/zl5_11252023/results_verbose/vary_thetagamma_cascade_/00.json.gz, /N/project/simsom/simsom_v3/zl5_11252023/results_cascade/vary_thetagamma_cascade_/00__reshare.csv
    jobid: 1
    reason: Missing output files: /N/project/simsom/simsom_v3/zl5_11252023/results/vary_thetagamma_cascade_/00.json
    wildcards: exp_no=00
    threads: 7
    resources: tmpdir=/tmp


[Thu Nov 30 21:28:50 2023]
rule run_simulation:
    input: /N/project/simsom/simsom_v3/v3.3_10222023/data/vary_network/network_10.gml, /N/project/simsom/simsom_v3/v3.3_10222023/config_cascade_true/vary_thetagamma/01.json
    output: /N/project/simsom/simsom_v3/zl5_11252023/results/vary_thetagamma_cascade_/01.json, /N/project/simsom/simsom_v3/zl5_11252023/results_verbose/vary_thetagamma_cascade_/01.json.gz, /N/project/simsom/simsom_v3/zl5_11252023/results_cascade/vary_thetagamma_cascade_/01__reshare.csv
    jobid: 3
    reason: Missing output files: /N/project/simsom/simsom_v3/zl5_11252023/results/vary_thetagamma_cascade_/01.json
    wildcards: exp_no=01
    threads: 7
    resources: tmpdir=/tmp

Run simulation 1 times..
**1/1**
Create SimSom instance..
SimSomV4.6zl (synchronous - permutate agent order); Message (expon quality, linear appeal exp=5, quality exp q=10);  normalized (recency * en * no_shares); no age reset
Start simulation ..
 - Simulation running on 7 threads
Run simulation 1 times..
**1/1**
Create SimSom instance..
SimSomV4.6zl (synchronous - permutate agent order); Message (expon quality, linear appeal exp=5, quality exp q=10);  normalized (recency * en * no_shares); no age reset
Start simulation ..
 - Simulation running on 7 threads
Run simulation 1 times..
**1/1**
Create SimSom instance..
SimSomV4.6zl (synchronous - permutate agent order); Message (expon quality, linear appeal exp=5, quality exp q=10);  normalized (recency * en * no_shares); no age reset
Start simulation ..
 - Simulation running on 7 threads
Run simulation 1 times..
**1/1**
Create SimSom instance..
SimSomV4.6zl (synchronous - permutate agent order); Message (expon quality, linear appeal exp=5, quality exp q=10);  normalized (recency * en * no_shares); no age reset
Start simulation ..
 - Simulation running on 7 threads
Created message using appeal exp=5
Created message using quality exp=-10
Successfully wrote to /N/project/simsom/simsom_v3/zl5_11252023/results_verbose/vary_thetagamma_cascade_/01.json.gz
average quality for follower network: 0.8871562989077979 pm 0.0
[Thu Nov 30 23:49:39 2023]
Finished job 3.
1 of 5 steps (20%) done
Created message using appeal exp=5
Created message using quality exp=-10
Successfully wrote to /N/project/simsom/simsom_v3/zl5_11252023/results_verbose/vary_thetagamma_cascade_/00.json.gz
average quality for follower network: 0.9001106753155174 pm 0.0
[Thu Nov 30 23:55:39 2023]
Finished job 1.
2 of 5 steps (40%) done
Created message using appeal exp=5
Created message using quality exp=-10
Successfully wrote to /N/project/simsom/simsom_v3/zl5_11252023/results_verbose/vary_thetagamma_cascade_/02.json.gz
average quality for follower network: 0.7738760448199641 pm 0.0
[Fri Dec  1 03:17:23 2023]
Finished job 5.
3 of 5 steps (60%) done
Created message using appeal exp=5
Successfully wrote to /N/project/simsom/simsom_v3/zl5_11252023/results_verbose/vary_thetagamma_cascade_/03.json.gz
average quality for follower network: 0.4398901252032317 pm 0.0
[Fri Dec  1 09:08:54 2023]
Finished job 7.
4 of 5 steps (80%) done
Select jobs to execute...

[Fri Dec  1 09:08:54 2023]
localrule all:
    input: /N/project/simsom/simsom_v3/zl5_11252023/results/vary_thetagamma_cascade_/00.json, /N/project/simsom/simsom_v3/zl5_11252023/results/vary_thetagamma_cascade_/01.json, /N/project/simsom/simsom_v3/zl5_11252023/results/vary_thetagamma_cascade_/02.json, /N/project/simsom/simsom_v3/zl5_11252023/results/vary_thetagamma_cascade_/03.json
    jobid: 0
    reason: Input files updated by another job: /N/project/simsom/simsom_v3/zl5_11252023/results/vary_thetagamma_cascade_/00.json, /N/project/simsom/simsom_v3/zl5_11252023/results/vary_thetagamma_cascade_/03.json, /N/project/simsom/simsom_v3/zl5_11252023/results/vary_thetagamma_cascade_/02.json, /N/project/simsom/simsom_v3/zl5_11252023/results/vary_thetagamma_cascade_/01.json
    resources: tmpdir=/tmp

[Fri Dec  1 09:08:54 2023]
Finished job 0.
5 of 5 steps (100%) done
Complete log: .snakemake/log/2023-11-30T212846.289464.snakemake.log
