###### running fzl5_thetaphi_t4_cascade_tracking exps ######
Building DAG of jobs...
Using shell: /usr/bin/bash
Provided cores: 57
Rules claiming more threads will be scaled down.
Job stats:
job               count
--------------  -------
all                   1
run_simulation        4
total                 5

Select jobs to execute...

[Thu Nov 30 21:53:52 2023]
rule run_simulation:
    input: /N/project/simsom/simsom_v3/v3.3_10222023/data/vary_network/network_20.gml, /N/project/simsom/simsom_v3/v3.3_10222023/config_cascade_true/vary_thetaphi/40.json
    output: /N/project/simsom/simsom_v3/zl5_11252023/results/vary_thetaphi_cascade_/40.json, /N/project/simsom/simsom_v3/zl5_11252023/results_verbose/vary_thetaphi_cascade_/40.json.gz, /N/project/simsom/simsom_v3/zl5_11252023/results_cascade/vary_thetaphi_cascade_/40__reshare.csv
    jobid: 4
    reason: Missing output files: /N/project/simsom/simsom_v3/zl5_11252023/results/vary_thetaphi_cascade_/40.json
    wildcards: exp_no=40
    threads: 7
    resources: tmpdir=/tmp


[Thu Nov 30 21:53:52 2023]
rule run_simulation:
    input: /N/project/simsom/simsom_v3/v3.3_10222023/data/vary_network/network_20.gml, /N/project/simsom/simsom_v3/v3.3_10222023/config_cascade_true/vary_thetaphi/60.json
    output: /N/project/simsom/simsom_v3/zl5_11252023/results/vary_thetaphi_cascade_/60.json, /N/project/simsom/simsom_v3/zl5_11252023/results_verbose/vary_thetaphi_cascade_/60.json.gz, /N/project/simsom/simsom_v3/zl5_11252023/results_cascade/vary_thetaphi_cascade_/60__reshare.csv
    jobid: 5
    reason: Missing output files: /N/project/simsom/simsom_v3/zl5_11252023/results/vary_thetaphi_cascade_/60.json
    wildcards: exp_no=60
    threads: 7
    resources: tmpdir=/tmp


[Thu Nov 30 21:53:52 2023]
rule run_simulation:
    input: /N/project/simsom/simsom_v3/v3.3_10222023/data/vary_network/network_20.gml, /N/project/simsom/simsom_v3/v3.3_10222023/config_cascade_true/vary_thetaphi/00.json
    output: /N/project/simsom/simsom_v3/zl5_11252023/results/vary_thetaphi_cascade_/00.json, /N/project/simsom/simsom_v3/zl5_11252023/results_verbose/vary_thetaphi_cascade_/00.json.gz, /N/project/simsom/simsom_v3/zl5_11252023/results_cascade/vary_thetaphi_cascade_/00__reshare.csv
    jobid: 1
    reason: Missing output files: /N/project/simsom/simsom_v3/zl5_11252023/results/vary_thetaphi_cascade_/00.json
    wildcards: exp_no=00
    threads: 7
    resources: tmpdir=/tmp


[Thu Nov 30 21:53:53 2023]
rule run_simulation:
    input: /N/project/simsom/simsom_v3/v3.3_10222023/data/vary_network/network_20.gml, /N/project/simsom/simsom_v3/v3.3_10222023/config_cascade_true/vary_thetaphi/20.json
    output: /N/project/simsom/simsom_v3/zl5_11252023/results/vary_thetaphi_cascade_/20.json, /N/project/simsom/simsom_v3/zl5_11252023/results_verbose/vary_thetaphi_cascade_/20.json.gz, /N/project/simsom/simsom_v3/zl5_11252023/results_cascade/vary_thetaphi_cascade_/20__reshare.csv
    jobid: 3
    reason: Missing output files: /N/project/simsom/simsom_v3/zl5_11252023/results/vary_thetaphi_cascade_/20.json
    wildcards: exp_no=20
    threads: 7
    resources: tmpdir=/tmp

Run simulation 1 times..
**1/1**
Create SimSom instance..
SimSomV4.6zl (synchronous - permutate agent order); Message (expon quality, linear appeal exp=5, quality exp q=10);  normalized (recency * en * no_shares); no age reset
Start simulation ..
 - Simulation running on 7 threads
Run simulation 1 times..
**1/1**
Create SimSom instance..
SimSomV4.6zl (synchronous - permutate agent order); Message (expon quality, linear appeal exp=5, quality exp q=10);  normalized (recency * en * no_shares); no age reset
Start simulation ..
 - Simulation running on 7 threads
Run simulation 1 times..
**1/1**
Create SimSom instance..
SimSomV4.6zl (synchronous - permutate agent order); Message (expon quality, linear appeal exp=5, quality exp q=10);  normalized (recency * en * no_shares); no age reset
Start simulation ..
 - Simulation running on 7 threads
Run simulation 1 times..
**1/1**
Create SimSom instance..
SimSomV4.6zl (synchronous - permutate agent order); Message (expon quality, linear appeal exp=5, quality exp q=10);  normalized (recency * en * no_shares); no age reset
Start simulation ..
 - Simulation running on 7 threads
Created message using appeal exp=5
Created message using quality exp=-10
Successfully wrote to /N/project/simsom/simsom_v3/zl5_11252023/results_verbose/vary_thetaphi_cascade_/40.json.gz
average quality for follower network: 0.7071389675181632 pm 0.0
[Thu Nov 30 23:47:09 2023]
Finished job 4.
1 of 5 steps (20%) done
Created message using appeal exp=5
Created message using quality exp=-10
Successfully wrote to /N/project/simsom/simsom_v3/zl5_11252023/results_verbose/vary_thetaphi_cascade_/00.json.gz
average quality for follower network: 0.7920399186577134 pm 0.0
[Fri Dec  1 00:12:36 2023]
Finished job 1.
2 of 5 steps (40%) done
Created message using appeal exp=5
Created message using quality exp=-10
Successfully wrote to /N/project/simsom/simsom_v3/zl5_11252023/results_verbose/vary_thetaphi_cascade_/60.json.gz
average quality for follower network: 0.5876034754032067 pm 0.0
[Fri Dec  1 06:52:39 2023]
Finished job 5.
3 of 5 steps (60%) done
Created message using appeal exp=5
Created message using quality exp=-10
Successfully wrote to /N/project/simsom/simsom_v3/zl5_11252023/results_verbose/vary_thetaphi_cascade_/20.json.gz
average quality for follower network: 0.7055011565642928 pm 0.0
[Fri Dec  1 12:46:55 2023]
Finished job 3.
4 of 5 steps (80%) done
Select jobs to execute...

[Fri Dec  1 12:46:55 2023]
localrule all:
    input: /N/project/simsom/simsom_v3/zl5_11252023/results/vary_thetaphi_cascade_/00.json, /N/project/simsom/simsom_v3/zl5_11252023/results/vary_thetaphi_cascade_/20.json, /N/project/simsom/simsom_v3/zl5_11252023/results/vary_thetaphi_cascade_/40.json, /N/project/simsom/simsom_v3/zl5_11252023/results/vary_thetaphi_cascade_/60.json
    jobid: 0
    reason: Input files updated by another job: /N/project/simsom/simsom_v3/zl5_11252023/results/vary_thetaphi_cascade_/20.json, /N/project/simsom/simsom_v3/zl5_11252023/results/vary_thetaphi_cascade_/00.json, /N/project/simsom/simsom_v3/zl5_11252023/results/vary_thetaphi_cascade_/40.json, /N/project/simsom/simsom_v3/zl5_11252023/results/vary_thetaphi_cascade_/60.json
    resources: tmpdir=/tmp

[Fri Dec  1 12:46:55 2023]
Finished job 0.
5 of 5 steps (100%) done
Complete log: .snakemake/log/2023-11-30T215346.972776.snakemake.log
